;  LST file generated by mikroListExporter - v.2.0 
; Date/Time: 7/30/2023 10:04:55 PM
;----------------------------------------------

;Address Opcode 	ASM
0x0000	0x296E      	GOTO       366
_interrupt:
0x0004	0x00FF      	MOVWF      R15
0x0005	0x0E03      	SWAPF      STATUS, 0
0x0006	0x0183      	CLRF       STATUS
0x0007	0x00A4      	MOVWF      ___saveSTATUS
0x0008	0x080A      	MOVF       PCLATH, 0
0x0009	0x00A5      	MOVWF      ___savePCLATH
0x000A	0x018A      	CLRF       PCLATH
0x000B	0x0870      	MOVF       R0, 0
0x000C	0x00A0      	MOVWF      32
;MyProject.c,15 :: 		void interrupt()
;MyProject.c,16 :: 		{     if(intf_bit==1)
0x000D	0x1C8B      	BTFSS      INTF_bit, BitPos(INTF_bit+0)
0x000E	0x2817      	GOTO       L_interrupt0
;MyProject.c,17 :: 		{intf_bit=0;
0x000F	0x108B      	BCF        INTF_bit, BitPos(INTF_bit+0)
;MyProject.c,18 :: 		if(flag==99)
0x0010	0x0821      	MOVF       _flag, 0
0x0011	0x3A63      	XORLW      99
0x0012	0x1D03      	BTFSS      STATUS, 2
0x0013	0x2816      	GOTO       L_interrupt1
;MyProject.c,19 :: 		flag=-1;
0x0014	0x30FF      	MOVLW      255
0x0015	0x00A1      	MOVWF      _flag
L_interrupt1:
;MyProject.c,20 :: 		flag++;
0x0016	0x0AA1      	INCF       _flag, 1
;MyProject.c,21 :: 		}}
L_interrupt0:
L_end_interrupt:
L__interrupt41:
0x0017	0x0820      	MOVF       32, 0
0x0018	0x00F0      	MOVWF      R0
0x0019	0x0825      	MOVF       ___savePCLATH, 0
0x001A	0x008A      	MOVWF      PCLATH
0x001B	0x0E24      	SWAPF      ___saveSTATUS, 0
0x001C	0x0083      	MOVWF      STATUS
0x001D	0x0EFF      	SWAPF      R15, 1
0x001E	0x0E7F      	SWAPF      R15, 0
0x001F	0x0009      	RETFIE
; end of _interrupt
_____DoICP:
;__Lib_System.c,6 :: 		
;__Lib_System.c,9 :: 		
0x0020	0x1283      	BCF        STATUS, 5
0x0021	0x1303      	BCF        STATUS, 6
0x0022	0x0823      	MOVF       ___DoICPAddr+1, 0
0x0023	0x008A      	MOVWF      PCLATH
;__Lib_System.c,10 :: 		
0x0024	0x0822      	MOVF       ___DoICPAddr, 0
0x0025	0x0082      	MOVWF      PCL
;__Lib_System.c,12 :: 		
L_end_____DoICP:
0x0026	0x0008      	RETURN
; end of _____DoICP
___CC2DW:
;__Lib_System.c,134 :: 		
;__Lib_System.c,137 :: 		
_CC2D_Loop1:
;__Lib_System.c,139 :: 		
0x0027	0x2020      	CALL       _____DoICP
0x0028	0x118A      	BCF        PCLATH, 3
0x0029	0x120A      	BCF        PCLATH, 4
;__Lib_System.c,141 :: 		
0x002A	0x0080      	MOVWF      INDF
;__Lib_System.c,142 :: 		
0x002B	0x0A84      	INCF       FSR, 1
;__Lib_System.c,143 :: 		
0x002C	0x0AA2      	INCF       ___DoICPAddr, 1
;__Lib_System.c,145 :: 		
0x002D	0x1903      	BTFSC      STATUS, 2
;__Lib_System.c,146 :: 		
0x002E	0x0AA3      	INCF       ___DoICPAddr+1, 1
;__Lib_System.c,147 :: 		
0x002F	0x03F0      	DECF       R0, 1
;__Lib_System.c,149 :: 		
0x0030	0x1D03      	BTFSS      STATUS, 2
;__Lib_System.c,150 :: 		
0x0031	0x2827      	GOTO       _CC2D_Loop1
;__Lib_System.c,152 :: 		
L_end___CC2DW:
0x0032	0x0008      	RETURN
; end of ___CC2DW
_manualTraffic:
;MyProject.c,69 :: 		void manualTraffic()
;MyProject.c,71 :: 		int i=0;
0x0033	0x308D      	MOVLW      ?ICSmanualTraffic_i_L0
0x0034	0x1283      	BCF        STATUS, 5
0x0035	0x1303      	BCF        STATUS, 6
0x0036	0x00A2      	MOVWF      ___DoICPAddr
0x0037	0x3001      	MOVLW      hi_addr(?ICSmanualTraffic_i_L0)
0x0038	0x00A3      	MOVWF      ___DoICPAddr+1
0x0039	0x3026      	MOVLW      manualTraffic_i_L0
0x003A	0x0084      	MOVWF      FSR
0x003B	0x3030      	MOVLW      48
0x003C	0x00F0      	MOVWF      R0
0x003D	0x2027      	CALL       ___CC2DW
;MyProject.c,73 :: 		switchManualModeDir=1;
0x003E	0x1683      	BSF        STATUS, 5
0x003F	0x1486      	BSF        TRISB, 1
;MyProject.c,74 :: 		power=0;
0x0040	0x1283      	BCF        STATUS, 5
0x0041	0x1106      	BCF        PORTB, 2
;MyProject.c,75 :: 		power1=0;
0x0042	0x1186      	BCF        PORTB, 3
;MyProject.c,76 :: 		while(1)
L_manualTraffic22:
;MyProject.c,77 :: 		{        for(i=2;i>=0;i--)
0x0043	0x3002      	MOVLW      2
0x0044	0x00A6      	MOVWF      manualTraffic_i_L0
0x0045	0x3000      	MOVLW      0
0x0046	0x00A7      	MOVWF      manualTraffic_i_L0+1
L_manualTraffic24:
0x0047	0x3080      	MOVLW      128
0x0048	0x0627      	XORWF      manualTraffic_i_L0+1, 0
0x0049	0x00F0      	MOVWF      R0
0x004A	0x3080      	MOVLW      128
0x004B	0x0270      	SUBWF      R0, 0
0x004C	0x1D03      	BTFSS      STATUS, 2
0x004D	0x2850      	GOTO       L__manualTraffic49
0x004E	0x3000      	MOVLW      0
0x004F	0x0226      	SUBWF      manualTraffic_i_L0, 0
L__manualTraffic49:
0x0050	0x1C03      	BTFSS      STATUS, 0
0x0051	0x287C      	GOTO       L_manualTraffic25
;MyProject.c,78 :: 		{      if(flag%2==1) return;
0x0052	0x3001      	MOVLW      1
0x0053	0x0521      	ANDWF      _flag, 0
0x0054	0x00F1      	MOVWF      R1
0x0055	0x0871      	MOVF       R1, 0
0x0056	0x3A01      	XORLW      1
0x0057	0x1D03      	BTFSS      STATUS, 2
0x0058	0x285A      	GOTO       L_manualTraffic27
0x0059	0x28D2      	GOTO       L_end_manualTraffic
L_manualTraffic27:
;MyProject.c,79 :: 		power1=1;
0x005A	0x1586      	BSF        PORTB, 3
;MyProject.c,80 :: 		ssd=num[i];
0x005B	0x0826      	MOVF       manualTraffic_i_L0, 0
0x005C	0x00F0      	MOVWF      R0
0x005D	0x0827      	MOVF       manualTraffic_i_L0+1, 0
0x005E	0x00F1      	MOVWF      R0+1
0x005F	0x0DF0      	RLF        R0, 1
0x0060	0x0DF1      	RLF        R0+1, 1
0x0061	0x1070      	BCF        R0, 0
0x0062	0x0870      	MOVF       R0, 0
0x0063	0x3E28      	ADDLW      manualTraffic_num_L0
0x0064	0x0084      	MOVWF      FSR
0x0065	0x0800      	MOVF       INDF, 0
0x0066	0x0088      	MOVWF      PORTD
;MyProject.c,81 :: 		traffic=0b010001;
0x0067	0x3011      	MOVLW      17
0x0068	0x0087      	MOVWF      PORTC
;MyProject.c,82 :: 		delay_ms(1000);
0x0069	0x300B      	MOVLW      11
0x006A	0x00FB      	MOVWF      R11
0x006B	0x3026      	MOVLW      38
0x006C	0x00FC      	MOVWF      R12
0x006D	0x305D      	MOVLW      93
0x006E	0x00FD      	MOVWF      R13
L_manualTraffic28:
0x006F	0x0BFD      	DECFSZ     R13, 1
0x0070	0x286F      	GOTO       L_manualTraffic28
0x0071	0x0BFC      	DECFSZ     R12, 1
0x0072	0x286F      	GOTO       L_manualTraffic28
0x0073	0x0BFB      	DECFSZ     R11, 1
0x0074	0x286F      	GOTO       L_manualTraffic28
0x0075	0x0000      	NOP
0x0076	0x0000      	NOP
;MyProject.c,77 :: 		{        for(i=2;i>=0;i--)
0x0077	0x3001      	MOVLW      1
0x0078	0x02A6      	SUBWF      manualTraffic_i_L0, 1
0x0079	0x1C03      	BTFSS      STATUS, 0
0x007A	0x03A7      	DECF       manualTraffic_i_L0+1, 1
;MyProject.c,83 :: 		}    power1=0;
0x007B	0x2847      	GOTO       L_manualTraffic24
L_manualTraffic25:
0x007C	0x1186      	BCF        PORTB, 3
;MyProject.c,84 :: 		traffic=0b100001;
0x007D	0x3021      	MOVLW      33
0x007E	0x0087      	MOVWF      PORTC
;MyProject.c,85 :: 		while(switchManualMode!=1){if(flag%2==1) return;}
L_manualTraffic29:
0x007F	0x1886      	BTFSC      PORTB, 1
0x0080	0x288A      	GOTO       L_manualTraffic30
0x0081	0x3001      	MOVLW      1
0x0082	0x0521      	ANDWF      _flag, 0
0x0083	0x00F1      	MOVWF      R1
0x0084	0x0871      	MOVF       R1, 0
0x0085	0x3A01      	XORLW      1
0x0086	0x1D03      	BTFSS      STATUS, 2
0x0087	0x2889      	GOTO       L_manualTraffic31
0x0088	0x28D2      	GOTO       L_end_manualTraffic
L_manualTraffic31:
0x0089	0x287F      	GOTO       L_manualTraffic29
L_manualTraffic30:
;MyProject.c,86 :: 		for(i=2;i>=0;i--)
0x008A	0x3002      	MOVLW      2
0x008B	0x00A6      	MOVWF      manualTraffic_i_L0
0x008C	0x3000      	MOVLW      0
0x008D	0x00A7      	MOVWF      manualTraffic_i_L0+1
L_manualTraffic32:
0x008E	0x3080      	MOVLW      128
0x008F	0x0627      	XORWF      manualTraffic_i_L0+1, 0
0x0090	0x00F0      	MOVWF      R0
0x0091	0x3080      	MOVLW      128
0x0092	0x0270      	SUBWF      R0, 0
0x0093	0x1D03      	BTFSS      STATUS, 2
0x0094	0x2897      	GOTO       L__manualTraffic50
0x0095	0x3000      	MOVLW      0
0x0096	0x0226      	SUBWF      manualTraffic_i_L0, 0
L__manualTraffic50:
0x0097	0x1C03      	BTFSS      STATUS, 0
0x0098	0x28C3      	GOTO       L_manualTraffic33
;MyProject.c,87 :: 		{    if(flag%2==1) return;
0x0099	0x3001      	MOVLW      1
0x009A	0x0521      	ANDWF      _flag, 0
0x009B	0x00F1      	MOVWF      R1
0x009C	0x0871      	MOVF       R1, 0
0x009D	0x3A01      	XORLW      1
0x009E	0x1D03      	BTFSS      STATUS, 2
0x009F	0x28A1      	GOTO       L_manualTraffic35
0x00A0	0x28D2      	GOTO       L_end_manualTraffic
L_manualTraffic35:
;MyProject.c,88 :: 		power=1;
0x00A1	0x1506      	BSF        PORTB, 2
;MyProject.c,89 :: 		ssd=num[i];
0x00A2	0x0826      	MOVF       manualTraffic_i_L0, 0
0x00A3	0x00F0      	MOVWF      R0
0x00A4	0x0827      	MOVF       manualTraffic_i_L0+1, 0
0x00A5	0x00F1      	MOVWF      R0+1
0x00A6	0x0DF0      	RLF        R0, 1
0x00A7	0x0DF1      	RLF        R0+1, 1
0x00A8	0x1070      	BCF        R0, 0
0x00A9	0x0870      	MOVF       R0, 0
0x00AA	0x3E28      	ADDLW      manualTraffic_num_L0
0x00AB	0x0084      	MOVWF      FSR
0x00AC	0x0800      	MOVF       INDF, 0
0x00AD	0x0088      	MOVWF      PORTD
;MyProject.c,90 :: 		traffic=0b001010;
0x00AE	0x300A      	MOVLW      10
0x00AF	0x0087      	MOVWF      PORTC
;MyProject.c,91 :: 		delay_ms(1000);
0x00B0	0x300B      	MOVLW      11
0x00B1	0x00FB      	MOVWF      R11
0x00B2	0x3026      	MOVLW      38
0x00B3	0x00FC      	MOVWF      R12
0x00B4	0x305D      	MOVLW      93
0x00B5	0x00FD      	MOVWF      R13
L_manualTraffic36:
0x00B6	0x0BFD      	DECFSZ     R13, 1
0x00B7	0x28B6      	GOTO       L_manualTraffic36
0x00B8	0x0BFC      	DECFSZ     R12, 1
0x00B9	0x28B6      	GOTO       L_manualTraffic36
0x00BA	0x0BFB      	DECFSZ     R11, 1
0x00BB	0x28B6      	GOTO       L_manualTraffic36
0x00BC	0x0000      	NOP
0x00BD	0x0000      	NOP
;MyProject.c,86 :: 		for(i=2;i>=0;i--)
0x00BE	0x3001      	MOVLW      1
0x00BF	0x02A6      	SUBWF      manualTraffic_i_L0, 1
0x00C0	0x1C03      	BTFSS      STATUS, 0
0x00C1	0x03A7      	DECF       manualTraffic_i_L0+1, 1
;MyProject.c,92 :: 		}    power=0;
0x00C2	0x288E      	GOTO       L_manualTraffic32
L_manualTraffic33:
0x00C3	0x1106      	BCF        PORTB, 2
;MyProject.c,93 :: 		traffic=0b001100;
0x00C4	0x300C      	MOVLW      12
0x00C5	0x0087      	MOVWF      PORTC
;MyProject.c,94 :: 		while(switchManualMode!=1){if(flag%2==1) return;};
L_manualTraffic37:
0x00C6	0x1886      	BTFSC      PORTB, 1
0x00C7	0x28D1      	GOTO       L_manualTraffic38
0x00C8	0x3001      	MOVLW      1
0x00C9	0x0521      	ANDWF      _flag, 0
0x00CA	0x00F1      	MOVWF      R1
0x00CB	0x0871      	MOVF       R1, 0
0x00CC	0x3A01      	XORLW      1
0x00CD	0x1D03      	BTFSS      STATUS, 2
0x00CE	0x28D0      	GOTO       L_manualTraffic39
0x00CF	0x28D2      	GOTO       L_end_manualTraffic
L_manualTraffic39:
0x00D0	0x28C6      	GOTO       L_manualTraffic37
L_manualTraffic38:
;MyProject.c,95 :: 		}
0x00D1	0x2843      	GOTO       L_manualTraffic22
;MyProject.c,96 :: 		}
L_end_manualTraffic:
0x00D2	0x0008      	RETURN
; end of _manualTraffic
_autoTraffic:
;MyProject.c,40 :: 		void autoTraffic()
;MyProject.c,42 :: 		int i=0;
0x00D3	0x30BD      	MOVLW      ?ICSautoTraffic_i_L0
0x00D4	0x1283      	BCF        STATUS, 5
0x00D5	0x1303      	BCF        STATUS, 6
0x00D6	0x00A2      	MOVWF      ___DoICPAddr
0x00D7	0x3001      	MOVLW      hi_addr(?ICSautoTraffic_i_L0)
0x00D8	0x00A3      	MOVWF      ___DoICPAddr+1
0x00D9	0x3026      	MOVLW      autoTraffic_i_L0
0x00DA	0x0084      	MOVWF      FSR
0x00DB	0x3030      	MOVLW      48
0x00DC	0x00F0      	MOVWF      R0
0x00DD	0x2027      	CALL       ___CC2DW
;MyProject.c,44 :: 		power=1;
0x00DE	0x1506      	BSF        PORTB, 2
;MyProject.c,45 :: 		power1=1;
0x00DF	0x1586      	BSF        PORTB, 3
;MyProject.c,46 :: 		while(1)
L_autoTraffic6:
;MyProject.c,49 :: 		for(i=14;i>=0;i--)
0x00E0	0x300E      	MOVLW      14
0x00E1	0x00A6      	MOVWF      autoTraffic_i_L0
0x00E2	0x3000      	MOVLW      0
0x00E3	0x00A7      	MOVWF      autoTraffic_i_L0+1
L_autoTraffic8:
0x00E4	0x3080      	MOVLW      128
0x00E5	0x0627      	XORWF      autoTraffic_i_L0+1, 0
0x00E6	0x00F0      	MOVWF      R0
0x00E7	0x3080      	MOVLW      128
0x00E8	0x0270      	SUBWF      R0, 0
0x00E9	0x1D03      	BTFSS      STATUS, 2
0x00EA	0x28ED      	GOTO       L__autoTraffic44
0x00EB	0x3000      	MOVLW      0
0x00EC	0x0226      	SUBWF      autoTraffic_i_L0, 0
L__autoTraffic44:
0x00ED	0x1C03      	BTFSS      STATUS, 0
0x00EE	0x2926      	GOTO       L_autoTraffic9
;MyProject.c,50 :: 		{    if(flag%2==0) return;
0x00EF	0x3001      	MOVLW      1
0x00F0	0x0521      	ANDWF      _flag, 0
0x00F1	0x00F1      	MOVWF      R1
0x00F2	0x0871      	MOVF       R1, 0
0x00F3	0x3A00      	XORLW      0
0x00F4	0x1D03      	BTFSS      STATUS, 2
0x00F5	0x28F7      	GOTO       L_autoTraffic11
0x00F6	0x296D      	GOTO       L_end_autoTraffic
L_autoTraffic11:
;MyProject.c,51 :: 		ssd=num[i];
0x00F7	0x0826      	MOVF       autoTraffic_i_L0, 0
0x00F8	0x00F0      	MOVWF      R0
0x00F9	0x0827      	MOVF       autoTraffic_i_L0+1, 0
0x00FA	0x00F1      	MOVWF      R0+1
0x00FB	0x0DF0      	RLF        R0, 1
0x00FC	0x0DF1      	RLF        R0+1, 1
0x00FD	0x1070      	BCF        R0, 0
0x00FE	0x0870      	MOVF       R0, 0
0x00FF	0x3E28      	ADDLW      autoTraffic_num_L0
0x0100	0x0084      	MOVWF      FSR
0x0101	0x0800      	MOVF       INDF, 0
0x0102	0x0088      	MOVWF      PORTD
;MyProject.c,52 :: 		if(i>11)
0x0103	0x3080      	MOVLW      128
0x0104	0x00F0      	MOVWF      R0
0x0105	0x3080      	MOVLW      128
0x0106	0x0627      	XORWF      autoTraffic_i_L0+1, 0
0x0107	0x0270      	SUBWF      R0, 0
0x0108	0x1D03      	BTFSS      STATUS, 2
0x0109	0x290C      	GOTO       L__autoTraffic45
0x010A	0x0826      	MOVF       autoTraffic_i_L0, 0
0x010B	0x3C0B      	SUBLW      11
L__autoTraffic45:
0x010C	0x1803      	BTFSC      STATUS, 0
0x010D	0x2911      	GOTO       L_autoTraffic12
;MyProject.c,53 :: 		traffic=0b010001;
0x010E	0x3011      	MOVLW      17
0x010F	0x0087      	MOVWF      PORTC
0x0110	0x2913      	GOTO       L_autoTraffic13
L_autoTraffic12:
;MyProject.c,55 :: 		traffic=0b100001;
0x0111	0x3021      	MOVLW      33
0x0112	0x0087      	MOVWF      PORTC
L_autoTraffic13:
;MyProject.c,56 :: 		delay_ms(1000);
0x0113	0x300B      	MOVLW      11
0x0114	0x00FB      	MOVWF      R11
0x0115	0x3026      	MOVLW      38
0x0116	0x00FC      	MOVWF      R12
0x0117	0x305D      	MOVLW      93
0x0118	0x00FD      	MOVWF      R13
L_autoTraffic14:
0x0119	0x0BFD      	DECFSZ     R13, 1
0x011A	0x2919      	GOTO       L_autoTraffic14
0x011B	0x0BFC      	DECFSZ     R12, 1
0x011C	0x2919      	GOTO       L_autoTraffic14
0x011D	0x0BFB      	DECFSZ     R11, 1
0x011E	0x2919      	GOTO       L_autoTraffic14
0x011F	0x0000      	NOP
0x0120	0x0000      	NOP
;MyProject.c,49 :: 		for(i=14;i>=0;i--)
0x0121	0x3001      	MOVLW      1
0x0122	0x02A6      	SUBWF      autoTraffic_i_L0, 1
0x0123	0x1C03      	BTFSS      STATUS, 0
0x0124	0x03A7      	DECF       autoTraffic_i_L0+1, 1
;MyProject.c,57 :: 		}
0x0125	0x28E4      	GOTO       L_autoTraffic8
L_autoTraffic9:
;MyProject.c,58 :: 		for(i=22;i>=0;i--)
0x0126	0x3016      	MOVLW      22
0x0127	0x00A6      	MOVWF      autoTraffic_i_L0
0x0128	0x3000      	MOVLW      0
0x0129	0x00A7      	MOVWF      autoTraffic_i_L0+1
L_autoTraffic15:
0x012A	0x3080      	MOVLW      128
0x012B	0x0627      	XORWF      autoTraffic_i_L0+1, 0
0x012C	0x00F0      	MOVWF      R0
0x012D	0x3080      	MOVLW      128
0x012E	0x0270      	SUBWF      R0, 0
0x012F	0x1D03      	BTFSS      STATUS, 2
0x0130	0x2933      	GOTO       L__autoTraffic46
0x0131	0x3000      	MOVLW      0
0x0132	0x0226      	SUBWF      autoTraffic_i_L0, 0
L__autoTraffic46:
0x0133	0x1C03      	BTFSS      STATUS, 0
0x0134	0x296C      	GOTO       L_autoTraffic16
;MyProject.c,59 :: 		{     if(flag%2==0) return;
0x0135	0x3001      	MOVLW      1
0x0136	0x0521      	ANDWF      _flag, 0
0x0137	0x00F1      	MOVWF      R1
0x0138	0x0871      	MOVF       R1, 0
0x0139	0x3A00      	XORLW      0
0x013A	0x1D03      	BTFSS      STATUS, 2
0x013B	0x293D      	GOTO       L_autoTraffic18
0x013C	0x296D      	GOTO       L_end_autoTraffic
L_autoTraffic18:
;MyProject.c,60 :: 		ssd=num[i];
0x013D	0x0826      	MOVF       autoTraffic_i_L0, 0
0x013E	0x00F0      	MOVWF      R0
0x013F	0x0827      	MOVF       autoTraffic_i_L0+1, 0
0x0140	0x00F1      	MOVWF      R0+1
0x0141	0x0DF0      	RLF        R0, 1
0x0142	0x0DF1      	RLF        R0+1, 1
0x0143	0x1070      	BCF        R0, 0
0x0144	0x0870      	MOVF       R0, 0
0x0145	0x3E28      	ADDLW      autoTraffic_num_L0
0x0146	0x0084      	MOVWF      FSR
0x0147	0x0800      	MOVF       INDF, 0
0x0148	0x0088      	MOVWF      PORTD
;MyProject.c,61 :: 		if(i>19)
0x0149	0x3080      	MOVLW      128
0x014A	0x00F0      	MOVWF      R0
0x014B	0x3080      	MOVLW      128
0x014C	0x0627      	XORWF      autoTraffic_i_L0+1, 0
0x014D	0x0270      	SUBWF      R0, 0
0x014E	0x1D03      	BTFSS      STATUS, 2
0x014F	0x2952      	GOTO       L__autoTraffic47
0x0150	0x0826      	MOVF       autoTraffic_i_L0, 0
0x0151	0x3C13      	SUBLW      19
L__autoTraffic47:
0x0152	0x1803      	BTFSC      STATUS, 0
0x0153	0x2957      	GOTO       L_autoTraffic19
;MyProject.c,62 :: 		traffic=0b001010;
0x0154	0x300A      	MOVLW      10
0x0155	0x0087      	MOVWF      PORTC
0x0156	0x2959      	GOTO       L_autoTraffic20
L_autoTraffic19:
;MyProject.c,64 :: 		traffic=0b001100;
0x0157	0x300C      	MOVLW      12
0x0158	0x0087      	MOVWF      PORTC
L_autoTraffic20:
;MyProject.c,65 :: 		delay_ms(1000);
0x0159	0x300B      	MOVLW      11
0x015A	0x00FB      	MOVWF      R11
0x015B	0x3026      	MOVLW      38
0x015C	0x00FC      	MOVWF      R12
0x015D	0x305D      	MOVLW      93
0x015E	0x00FD      	MOVWF      R13
L_autoTraffic21:
0x015F	0x0BFD      	DECFSZ     R13, 1
0x0160	0x295F      	GOTO       L_autoTraffic21
0x0161	0x0BFC      	DECFSZ     R12, 1
0x0162	0x295F      	GOTO       L_autoTraffic21
0x0163	0x0BFB      	DECFSZ     R11, 1
0x0164	0x295F      	GOTO       L_autoTraffic21
0x0165	0x0000      	NOP
0x0166	0x0000      	NOP
;MyProject.c,58 :: 		for(i=22;i>=0;i--)
0x0167	0x3001      	MOVLW      1
0x0168	0x02A6      	SUBWF      autoTraffic_i_L0, 1
0x0169	0x1C03      	BTFSS      STATUS, 0
0x016A	0x03A7      	DECF       autoTraffic_i_L0+1, 1
;MyProject.c,66 :: 		}
0x016B	0x292A      	GOTO       L_autoTraffic15
L_autoTraffic16:
;MyProject.c,67 :: 		}
0x016C	0x28E0      	GOTO       L_autoTraffic6
;MyProject.c,68 :: 		}
L_end_autoTraffic:
0x016D	0x0008      	RETURN
; end of _autoTraffic
_main:
0x016E	0x1283      	BCF        STATUS, 5
0x016F	0x1303      	BCF        STATUS, 6
0x0170	0x01A1      	CLRF       _flag
;MyProject.c,22 :: 		void main()
;MyProject.c,23 :: 		{       switchA_MDir=1;
0x0171	0x1683      	BSF        STATUS, 5
0x0172	0x1406      	BSF        TRISB, 0
;MyProject.c,24 :: 		gie_bit=1;
0x0173	0x178B      	BSF        GIE_bit, BitPos(GIE_bit+0)
;MyProject.c,25 :: 		inte_bit=1;
0x0174	0x160B      	BSF        INTE_bit, BitPos(INTE_bit+0)
;MyProject.c,26 :: 		intedg_bit=1;
0x0175	0x1701      	BSF        INTEDG_bit, BitPos(INTEDG_bit+0)
;MyProject.c,27 :: 		trafficDir=0b00000000;
0x0176	0x0187      	CLRF       TRISC
;MyProject.c,28 :: 		traffic=0b00000000;
0x0177	0x1283      	BCF        STATUS, 5
0x0178	0x0187      	CLRF       PORTC
;MyProject.c,29 :: 		ssdDir=0b00000000;
0x0179	0x1683      	BSF        STATUS, 5
0x017A	0x0188      	CLRF       TRISD
;MyProject.c,30 :: 		ssd=0b00000000;
0x017B	0x1283      	BCF        STATUS, 5
0x017C	0x0188      	CLRF       PORTD
;MyProject.c,31 :: 		powerDir=0;
0x017D	0x1683      	BSF        STATUS, 5
0x017E	0x1106      	BCF        TRISB, 2
;MyProject.c,32 :: 		power1Dir=0;
0x017F	0x1186      	BCF        TRISB, 3
;MyProject.c,33 :: 		while(1)
L_main2:
;MyProject.c,34 :: 		{    if(flag%2==0)
0x0180	0x3001      	MOVLW      1
0x0181	0x1283      	BCF        STATUS, 5
0x0182	0x0521      	ANDWF      _flag, 0
0x0183	0x00F1      	MOVWF      R1
0x0184	0x0871      	MOVF       R1, 0
0x0185	0x3A00      	XORLW      0
0x0186	0x1D03      	BTFSS      STATUS, 2
0x0187	0x298A      	GOTO       L_main4
;MyProject.c,35 :: 		manualTraffic();
0x0188	0x2033      	CALL       _manualTraffic
0x0189	0x298B      	GOTO       L_main5
L_main4:
;MyProject.c,37 :: 		autoTraffic();
0x018A	0x20D3      	CALL       _autoTraffic
L_main5:
;MyProject.c,38 :: 		}
0x018B	0x2980      	GOTO       L_main2
;MyProject.c,39 :: 		}
L_end_main:
0x018C	0x298C      	GOTO       $+0
; end of _main
;MyProject.c,0 :: ?ICSmanualTraffic_i_L0
0x018D	0x3400 ;?ICSmanualTraffic_i_L0+0
0x018E	0x3400 ;?ICSmanualTraffic_i_L0+1
; end of ?ICSmanualTraffic_i_L0
;MyProject.c,0 :: ?ICSmanualTraffic_num_L0
0x018F	0x3400 ;?ICSmanualTraffic_num_L0+0
0x0190	0x3400 ;?ICSmanualTraffic_num_L0+1
0x0191	0x3401 ;?ICSmanualTraffic_num_L0+2
0x0192	0x3400 ;?ICSmanualTraffic_num_L0+3
0x0193	0x3402 ;?ICSmanualTraffic_num_L0+4
0x0194	0x3400 ;?ICSmanualTraffic_num_L0+5
0x0195	0x3403 ;?ICSmanualTraffic_num_L0+6
0x0196	0x3400 ;?ICSmanualTraffic_num_L0+7
0x0197	0x3404 ;?ICSmanualTraffic_num_L0+8
0x0198	0x3400 ;?ICSmanualTraffic_num_L0+9
0x0199	0x3405 ;?ICSmanualTraffic_num_L0+10
0x019A	0x3400 ;?ICSmanualTraffic_num_L0+11
0x019B	0x3406 ;?ICSmanualTraffic_num_L0+12
0x019C	0x3400 ;?ICSmanualTraffic_num_L0+13
0x019D	0x3407 ;?ICSmanualTraffic_num_L0+14
0x019E	0x3400 ;?ICSmanualTraffic_num_L0+15
0x019F	0x3408 ;?ICSmanualTraffic_num_L0+16
0x01A0	0x3400 ;?ICSmanualTraffic_num_L0+17
0x01A1	0x3409 ;?ICSmanualTraffic_num_L0+18
0x01A2	0x3400 ;?ICSmanualTraffic_num_L0+19
0x01A3	0x3410 ;?ICSmanualTraffic_num_L0+20
0x01A4	0x3400 ;?ICSmanualTraffic_num_L0+21
0x01A5	0x3411 ;?ICSmanualTraffic_num_L0+22
0x01A6	0x3400 ;?ICSmanualTraffic_num_L0+23
0x01A7	0x3412 ;?ICSmanualTraffic_num_L0+24
0x01A8	0x3400 ;?ICSmanualTraffic_num_L0+25
0x01A9	0x3413 ;?ICSmanualTraffic_num_L0+26
0x01AA	0x3400 ;?ICSmanualTraffic_num_L0+27
0x01AB	0x3414 ;?ICSmanualTraffic_num_L0+28
0x01AC	0x3400 ;?ICSmanualTraffic_num_L0+29
0x01AD	0x3415 ;?ICSmanualTraffic_num_L0+30
0x01AE	0x3400 ;?ICSmanualTraffic_num_L0+31
0x01AF	0x3416 ;?ICSmanualTraffic_num_L0+32
0x01B0	0x3400 ;?ICSmanualTraffic_num_L0+33
0x01B1	0x3417 ;?ICSmanualTraffic_num_L0+34
0x01B2	0x3400 ;?ICSmanualTraffic_num_L0+35
0x01B3	0x3418 ;?ICSmanualTraffic_num_L0+36
0x01B4	0x3400 ;?ICSmanualTraffic_num_L0+37
0x01B5	0x3419 ;?ICSmanualTraffic_num_L0+38
0x01B6	0x3400 ;?ICSmanualTraffic_num_L0+39
0x01B7	0x3420 ;?ICSmanualTraffic_num_L0+40
0x01B8	0x3400 ;?ICSmanualTraffic_num_L0+41
0x01B9	0x3421 ;?ICSmanualTraffic_num_L0+42
0x01BA	0x3400 ;?ICSmanualTraffic_num_L0+43
0x01BB	0x3422 ;?ICSmanualTraffic_num_L0+44
0x01BC	0x3400 ;?ICSmanualTraffic_num_L0+45
; end of ?ICSmanualTraffic_num_L0
;MyProject.c,0 :: ?ICSautoTraffic_i_L0
0x01BD	0x3400 ;?ICSautoTraffic_i_L0+0
0x01BE	0x3400 ;?ICSautoTraffic_i_L0+1
; end of ?ICSautoTraffic_i_L0
;MyProject.c,0 :: ?ICSautoTraffic_num_L0
0x01BF	0x3400 ;?ICSautoTraffic_num_L0+0
0x01C0	0x3400 ;?ICSautoTraffic_num_L0+1
0x01C1	0x3401 ;?ICSautoTraffic_num_L0+2
0x01C2	0x3400 ;?ICSautoTraffic_num_L0+3
0x01C3	0x3402 ;?ICSautoTraffic_num_L0+4
0x01C4	0x3400 ;?ICSautoTraffic_num_L0+5
0x01C5	0x3403 ;?ICSautoTraffic_num_L0+6
0x01C6	0x3400 ;?ICSautoTraffic_num_L0+7
0x01C7	0x3404 ;?ICSautoTraffic_num_L0+8
0x01C8	0x3400 ;?ICSautoTraffic_num_L0+9
0x01C9	0x3405 ;?ICSautoTraffic_num_L0+10
0x01CA	0x3400 ;?ICSautoTraffic_num_L0+11
0x01CB	0x3406 ;?ICSautoTraffic_num_L0+12
0x01CC	0x3400 ;?ICSautoTraffic_num_L0+13
0x01CD	0x3407 ;?ICSautoTraffic_num_L0+14
0x01CE	0x3400 ;?ICSautoTraffic_num_L0+15
0x01CF	0x3408 ;?ICSautoTraffic_num_L0+16
0x01D0	0x3400 ;?ICSautoTraffic_num_L0+17
0x01D1	0x3409 ;?ICSautoTraffic_num_L0+18
0x01D2	0x3400 ;?ICSautoTraffic_num_L0+19
0x01D3	0x3410 ;?ICSautoTraffic_num_L0+20
0x01D4	0x3400 ;?ICSautoTraffic_num_L0+21
0x01D5	0x3411 ;?ICSautoTraffic_num_L0+22
0x01D6	0x3400 ;?ICSautoTraffic_num_L0+23
0x01D7	0x3412 ;?ICSautoTraffic_num_L0+24
0x01D8	0x3400 ;?ICSautoTraffic_num_L0+25
0x01D9	0x3413 ;?ICSautoTraffic_num_L0+26
0x01DA	0x3400 ;?ICSautoTraffic_num_L0+27
0x01DB	0x3414 ;?ICSautoTraffic_num_L0+28
0x01DC	0x3400 ;?ICSautoTraffic_num_L0+29
0x01DD	0x3415 ;?ICSautoTraffic_num_L0+30
0x01DE	0x3400 ;?ICSautoTraffic_num_L0+31
0x01DF	0x3416 ;?ICSautoTraffic_num_L0+32
0x01E0	0x3400 ;?ICSautoTraffic_num_L0+33
0x01E1	0x3417 ;?ICSautoTraffic_num_L0+34
0x01E2	0x3400 ;?ICSautoTraffic_num_L0+35
0x01E3	0x3418 ;?ICSautoTraffic_num_L0+36
0x01E4	0x3400 ;?ICSautoTraffic_num_L0+37
0x01E5	0x3419 ;?ICSautoTraffic_num_L0+38
0x01E6	0x3400 ;?ICSautoTraffic_num_L0+39
0x01E7	0x3420 ;?ICSautoTraffic_num_L0+40
0x01E8	0x3400 ;?ICSautoTraffic_num_L0+41
0x01E9	0x3421 ;?ICSautoTraffic_num_L0+42
0x01EA	0x3400 ;?ICSautoTraffic_num_L0+43
0x01EB	0x3422 ;?ICSautoTraffic_num_L0+44
0x01EC	0x3400 ;?ICSautoTraffic_num_L0+45
; end of ?ICSautoTraffic_num_L0
Symbol List:
//** Routines locations **
//ADDRESS    SIZE    PROCEDURE
//----------------------------------------------
0x0004      [28]    _interrupt
0x0020       [7]    _____DoICP
0x0027      [12]    ___CC2DW
0x0033     [160]    _manualTraffic
0x00D3     [155]    _autoTraffic
0x016E      [31]    _main
//** Variables locations ** 
//ADDRESS    SIZE    VARIABLE
//----------------------------------------------
0x0000       [1]    INDF
0x0002       [1]    PCL
0x0003       [1]    STATUS
0x0004       [1]    FSR
0x0006       [1]    PORTB
0x0007       [1]    PORTC
0x0008       [1]    PORTD
0x000A       [1]    PCLATH
0x000B       [0]    INTF_bit
0x000B       [0]    INTE_bit
0x000B       [0]    GIE_bit
0x0021       [1]    _flag
0x0022       [2]    ___DoICPAddr
0x0024       [1]    ___saveSTATUS
0x0025       [1]    ___savePCLATH
0x0026       [2]    manualTraffic_i_L0
0x0026       [2]    autoTraffic_i_L0
0x0028      [46]    manualTraffic_num_L0
0x0028      [46]    autoTraffic_num_L0
0x0070       [1]    R0
0x0071       [1]    R1
0x0072       [1]    R2
0x0073       [1]    R3
0x0074       [1]    R4
0x0075       [1]    R5
0x0076       [1]    R6
0x0077       [1]    R7
0x0078       [1]    R8
0x0079       [1]    R9
0x007A       [1]    R10
0x007B       [1]    R11
0x007C       [1]    R12
0x007D       [1]    R13
0x007E       [1]    R14
0x007F       [1]    R15
0x0081       [0]    INTEDG_bit
0x0086       [1]    TRISB
0x0087       [1]    TRISC
0x0088       [1]    TRISD
//** Constants locations ** 
//ADDRESS    SIZE    CONSTANT
//----------------------------------------------
0x018D       [2]    ?ICSmanualTraffic_i_L0
0x018F      [46]    ?ICSmanualTraffic_num_L0
0x01BD       [2]    ?ICSautoTraffic_i_L0
0x01BF      [46]    ?ICSautoTraffic_num_L0
//** Label List: ** 
//----------------------------------------------
  L_interrupt0
  L_interrupt1
  L_main2
  L_main3
  L_main4
  L_main5
  L_autoTraffic6
  L_autoTraffic7
  L_autoTraffic8
  L_autoTraffic9
  L_autoTraffic10
  L_autoTraffic11
  L_autoTraffic12
  L_autoTraffic13
  L_autoTraffic14
  L_autoTraffic15
  L_autoTraffic16
  L_autoTraffic17
  L_autoTraffic18
  L_autoTraffic19
  L_autoTraffic20
  L_autoTraffic21
  L_manualTraffic22
  L_manualTraffic23
  L_manualTraffic24
  L_manualTraffic25
  L_manualTraffic26
  L_manualTraffic27
  L_manualTraffic28
  L_manualTraffic29
  L_manualTraffic30
  L_manualTraffic31
  L_manualTraffic32
  L_manualTraffic33
  L_manualTraffic34
  L_manualTraffic35
  L_manualTraffic36
  L_manualTraffic37
  L_manualTraffic38
  L_manualTraffic39
  L_end_interrupt
  _interrupt
  L__interrupt41
  L_end_main
  _main
  L_end_autoTraffic
  _autoTraffic
  L__autoTraffic44
  L__autoTraffic45
  L__autoTraffic46
  L__autoTraffic47
  L_end_manualTraffic
  _manualTraffic
  L__manualTraffic49
  L__manualTraffic50
  L_loopCA2AWs
  L_CA2AWend
  _CCA2AW_Loop1
  L_loopCS2Ss
  L_CS2Send
  _CCS2S_Loop1
  L_CCS2Send
  L_loopFZinSWs
  L_FZinSend
  _CC2D_Loop1
  L_end_____DoICP
  _____DoICP
  L_end_____DoIFC
  _____DoIFC
  L_end___CA2AW
  ___CA2AW
  L_end___CCA2AW
  ___CCA2AW
  L_end___CS2S
  ___CS2S
  L_end___CCS2S
  ___CCS2S
  L_end___FZinS
  ___FZinS
  L_end___CC2DW
  ___CC2DW
  L_end_Swap
  _Swap
  L_interrupt0
  L_interrupt1
  L_main2
  L_main3
  L_main4
  L_main5
  L_autoTraffic6
  L_autoTraffic7
  L_autoTraffic8
  L_autoTraffic9
  L_autoTraffic10
  L_autoTraffic11
  L_autoTraffic12
  L_autoTraffic13
  L_autoTraffic14
  L_autoTraffic15
  L_autoTraffic16
  L_autoTraffic17
  L_autoTraffic18
  L_autoTraffic19
  L_autoTraffic20
  L_autoTraffic21
  L_manualTraffic22
  L_manualTraffic23
  L_manualTraffic24
  L_manualTraffic25
  L_manualTraffic26
  L_manualTraffic27
  L_manualTraffic28
  L_manualTraffic29
  L_manualTraffic30
  L_manualTraffic31
  L_manualTraffic32
  L_manualTraffic33
  L_manualTraffic34
  L_manualTraffic35
  L_manualTraffic36
  L_manualTraffic37
  L_manualTraffic38
  L_manualTraffic39
  L_end_interrupt
  _interrupt
  L__interrupt41
  L_end_main
  _main
  L_end_autoTraffic
  _autoTraffic
  L__autoTraffic44
  L__autoTraffic45
  L__autoTraffic46
  L__autoTraffic47
  L_end_manualTraffic
  _manualTraffic
  L__manualTraffic49
  L__manualTraffic50
